<?xml version="1.0" encoding="UTF-8"?>
<testsuite xmlns:xsi="http://www.w3.org/2001/XMLSchema-instance" xsi:noNamespaceSchemaLocation="https://maven.apache.org/surefire/maven-surefire-plugin/xsd/surefire-test-report.xsd" name="upf.edu.TwitterFilterTest" time="0.029" tests="1" errors="0" skipped="0" failures="0">
  <properties>
    <property name="java.specification.version" value="14"/>
    <property name="sun.jnu.encoding" value="UTF-8"/>
    <property name="java.class.path" value="/Users/xaviamat/Desktop/4t/2n Trimestre/SistemesGranEscala/lab1/target/test-classes:/Users/xaviamat/Desktop/4t/2n Trimestre/SistemesGranEscala/lab1/target/classes:/Users/xaviamat/.m2/repository/com/google/code/gson/gson/2.8.6/gson-2.8.6.jar:/Users/xaviamat/.m2/repository/com/amazonaws/aws-java-sdk-s3/1.11.943/aws-java-sdk-s3-1.11.943.jar:/Users/xaviamat/.m2/repository/com/amazonaws/aws-java-sdk-kms/1.11.943/aws-java-sdk-kms-1.11.943.jar:/Users/xaviamat/.m2/repository/com/amazonaws/aws-java-sdk-core/1.11.943/aws-java-sdk-core-1.11.943.jar:/Users/xaviamat/.m2/repository/commons-logging/commons-logging/1.1.3/commons-logging-1.1.3.jar:/Users/xaviamat/.m2/repository/org/apache/httpcomponents/httpclient/4.5.13/httpclient-4.5.13.jar:/Users/xaviamat/.m2/repository/org/apache/httpcomponents/httpcore/4.4.13/httpcore-4.4.13.jar:/Users/xaviamat/.m2/repository/commons-codec/commons-codec/1.11/commons-codec-1.11.jar:/Users/xaviamat/.m2/repository/software/amazon/ion/ion-java/1.0.2/ion-java-1.0.2.jar:/Users/xaviamat/.m2/repository/com/fasterxml/jackson/core/jackson-databind/2.6.7.4/jackson-databind-2.6.7.4.jar:/Users/xaviamat/.m2/repository/com/fasterxml/jackson/core/jackson-annotations/2.6.0/jackson-annotations-2.6.0.jar:/Users/xaviamat/.m2/repository/com/fasterxml/jackson/core/jackson-core/2.6.7/jackson-core-2.6.7.jar:/Users/xaviamat/.m2/repository/com/fasterxml/jackson/dataformat/jackson-dataformat-cbor/2.6.7/jackson-dataformat-cbor-2.6.7.jar:/Users/xaviamat/.m2/repository/joda-time/joda-time/2.8.1/joda-time-2.8.1.jar:/Users/xaviamat/.m2/repository/com/amazonaws/jmespath-java/1.11.943/jmespath-java-1.11.943.jar:/Users/xaviamat/.m2/repository/junit/junit/4.11/junit-4.11.jar:/Users/xaviamat/.m2/repository/org/hamcrest/hamcrest-core/1.3/hamcrest-core-1.3.jar:"/>
    <property name="java.vm.vendor" value="Oracle Corporation"/>
    <property name="sun.arch.data.model" value="64"/>
    <property name="java.vendor.url" value="https://java.oracle.com/"/>
    <property name="os.name" value="Mac OS X"/>
    <property name="java.vm.specification.version" value="14"/>
    <property name="sun.java.launcher" value="SUN_STANDARD"/>
    <property name="user.country" value="ES"/>
    <property name="sun.boot.library.path" value="/Library/Java/JavaVirtualMachines/jdk-14.0.1.jdk/Contents/Home/lib"/>
    <property name="sun.java.command" value="/Users/xaviamat/Desktop/4t/2n Trimestre/SistemesGranEscala/lab1/target/surefire/surefirebooter12832849527626607526.jar /Users/xaviamat/Desktop/4t/2n Trimestre/SistemesGranEscala/lab1/target/surefire 2021-01-27T12-31-33_720-jvmRun1 surefire15180040414291471160tmp surefire_06903021742907484428tmp"/>
    <property name="http.nonProxyHosts" value="local|*.local|169.254/16|*.169.254/16"/>
    <property name="jdk.debug" value="release"/>
    <property name="surefire.test.class.path" value="/Users/xaviamat/Desktop/4t/2n Trimestre/SistemesGranEscala/lab1/target/test-classes:/Users/xaviamat/Desktop/4t/2n Trimestre/SistemesGranEscala/lab1/target/classes:/Users/xaviamat/.m2/repository/com/google/code/gson/gson/2.8.6/gson-2.8.6.jar:/Users/xaviamat/.m2/repository/com/amazonaws/aws-java-sdk-s3/1.11.943/aws-java-sdk-s3-1.11.943.jar:/Users/xaviamat/.m2/repository/com/amazonaws/aws-java-sdk-kms/1.11.943/aws-java-sdk-kms-1.11.943.jar:/Users/xaviamat/.m2/repository/com/amazonaws/aws-java-sdk-core/1.11.943/aws-java-sdk-core-1.11.943.jar:/Users/xaviamat/.m2/repository/commons-logging/commons-logging/1.1.3/commons-logging-1.1.3.jar:/Users/xaviamat/.m2/repository/org/apache/httpcomponents/httpclient/4.5.13/httpclient-4.5.13.jar:/Users/xaviamat/.m2/repository/org/apache/httpcomponents/httpcore/4.4.13/httpcore-4.4.13.jar:/Users/xaviamat/.m2/repository/commons-codec/commons-codec/1.11/commons-codec-1.11.jar:/Users/xaviamat/.m2/repository/software/amazon/ion/ion-java/1.0.2/ion-java-1.0.2.jar:/Users/xaviamat/.m2/repository/com/fasterxml/jackson/core/jackson-databind/2.6.7.4/jackson-databind-2.6.7.4.jar:/Users/xaviamat/.m2/repository/com/fasterxml/jackson/core/jackson-annotations/2.6.0/jackson-annotations-2.6.0.jar:/Users/xaviamat/.m2/repository/com/fasterxml/jackson/core/jackson-core/2.6.7/jackson-core-2.6.7.jar:/Users/xaviamat/.m2/repository/com/fasterxml/jackson/dataformat/jackson-dataformat-cbor/2.6.7/jackson-dataformat-cbor-2.6.7.jar:/Users/xaviamat/.m2/repository/joda-time/joda-time/2.8.1/joda-time-2.8.1.jar:/Users/xaviamat/.m2/repository/com/amazonaws/jmespath-java/1.11.943/jmespath-java-1.11.943.jar:/Users/xaviamat/.m2/repository/junit/junit/4.11/junit-4.11.jar:/Users/xaviamat/.m2/repository/org/hamcrest/hamcrest-core/1.3/hamcrest-core-1.3.jar:"/>
    <property name="sun.cpu.endian" value="little"/>
    <property name="user.home" value="/Users/xaviamat"/>
    <property name="user.language" value="en"/>
    <property name="java.specification.vendor" value="Oracle Corporation"/>
    <property name="java.version.date" value="2020-04-14"/>
    <property name="java.home" value="/Library/Java/JavaVirtualMachines/jdk-14.0.1.jdk/Contents/Home"/>
    <property name="file.separator" value="/"/>
    <property name="basedir" value="/Users/xaviamat/Desktop/4t/2n Trimestre/SistemesGranEscala/lab1"/>
    <property name="java.vm.compressedOopsMode" value="Zero based"/>
    <property name="line.separator" value="&#10;"/>
    <property name="java.specification.name" value="Java Platform API Specification"/>
    <property name="java.vm.specification.vendor" value="Oracle Corporation"/>
    <property name="surefire.real.class.path" value="/Users/xaviamat/Desktop/4t/2n Trimestre/SistemesGranEscala/lab1/target/surefire/surefirebooter12832849527626607526.jar"/>
    <property name="sun.management.compiler" value="HotSpot 64-Bit Tiered Compilers"/>
    <property name="ftp.nonProxyHosts" value="local|*.local|169.254/16|*.169.254/16"/>
    <property name="java.runtime.version" value="14.0.1+7"/>
    <property name="user.name" value="xaviamat"/>
    <property name="path.separator" value=":"/>
    <property name="os.version" value="10.16"/>
    <property name="java.runtime.name" value="Java(TM) SE Runtime Environment"/>
    <property name="file.encoding" value="UTF-8"/>
    <property name="java.vm.name" value="Java HotSpot(TM) 64-Bit Server VM"/>
    <property name="localRepository" value="/Users/xaviamat/.m2/repository"/>
    <property name="java.vendor.url.bug" value="https://bugreport.java.com/bugreport/"/>
    <property name="java.io.tmpdir" value="/var/folders/s3/npwfd7pd2119ymf5kt8b06d40000gn/T/"/>
    <property name="java.version" value="14.0.1"/>
    <property name="user.dir" value="/Users/xaviamat/Desktop/4t/2n Trimestre/SistemesGranEscala/lab1"/>
    <property name="os.arch" value="x86_64"/>
    <property name="java.vm.specification.name" value="Java Virtual Machine Specification"/>
    <property name="java.library.path" value="/Users/xaviamat/Library/Java/Extensions:/Library/Java/Extensions:/Network/Library/Java/Extensions:/System/Library/Java/Extensions:/usr/lib/java:."/>
    <property name="java.vm.info" value="mixed mode, sharing"/>
    <property name="java.vendor" value="Oracle Corporation"/>
    <property name="java.vm.version" value="14.0.1+7"/>
    <property name="sun.io.unicode.encoding" value="UnicodeBig"/>
    <property name="socksNonProxyHosts" value="local|*.local|169.254/16|*.169.254/16"/>
    <property name="java.class.version" value="58.0"/>
  </properties>
  <testcase name="shouldAnswerWithTrue" classname="upf.edu.TwitterFilterTest" time="0.001"/>
</testsuite>